<?xml version="1.0" encoding="UTF-8"?>
<!-- Generated by org.testng.reporters.JUnitReportReporter -->
<testsuite hostname="DESKTOP-FCCM02M" failures="0" tests="5" name="tests.OrangeHRMLoginTest" time="48.724" errors="0" timestamp="2026-03-25T18:23:43 IST" skipped="0">
  <testcase classname="tests.OrangeHRMLoginTest" name="testValidLogin" time="9.990"/>
  <testcase classname="tests.OrangeHRMLoginTest" name="testInvalidLoginScenarios" time="9.870"/>
  <testcase classname="tests.OrangeHRMLoginTest" name="testInvalidLoginScenarios" time="9.781"/>
  <testcase classname="tests.OrangeHRMLoginTest" name="testInvalidLoginScenarios" time="11.773"/>
  <testcase classname="tests.OrangeHRMLoginTest" name="testInvalidLoginScenarios" time="7.310"/>
</testsuite> <!-- tests.OrangeHRMLoginTest -->
