<?xml version="1.0" encoding="UTF-8"?>
<!-- Generated by org.testng.reporters.JUnitXMLReporter -->
<testsuite ignored="0" hostname="DESKTOP-FCCM02M" failures="0" tests="5" name="OrangeHRMLoginTest" time="48.799" errors="0" timestamp="2026-03-25T18:23:42 IST">
  <testcase classname="tests.OrangeHRMLoginTest" name="testValidLogin" time="4.189"/>
  <testcase classname="tests.OrangeHRMLoginTest" name="testInvalidLoginScenarios" time="3.928"/>
  <testcase classname="tests.OrangeHRMLoginTest" name="testInvalidLoginScenarios" time="3.266"/>
  <testcase classname="tests.OrangeHRMLoginTest" name="testInvalidLoginScenarios" time="3.348"/>
  <testcase classname="tests.OrangeHRMLoginTest" name="testInvalidLoginScenarios" time="1.092"/>
</testsuite> <!-- OrangeHRMLoginTest -->
