<?xml version="1.0" encoding="UTF-8"?>
<testng-results ignored="0" total="5" passed="5" failed="0" skipped="0">
  <reporter-output>
  </reporter-output>
  <suite started-at="2026-03-25T18:22:53 IST" name="SeleniumTestNGSuite" finished-at="2026-03-25T18:23:42 IST" duration-ms="48799">
    <groups>
    </groups>
    <test started-at="2026-03-25T18:22:53 IST" name="OrangeHRMLoginTest" finished-at="2026-03-25T18:23:42 IST" duration-ms="48799">
      <class name="tests.OrangeHRMLoginTest">
        <test-method is-config="true" signature="setUp()[pri:0, instance:tests.OrangeHRMLoginTest@2a3591c5]" started-at="2026-03-25T18:22:53 IST" name="setUp" finished-at="2026-03-25T18:23:01 IST" duration-ms="7564" status="PASS">
          <reporter-output>
          </reporter-output>
        </test-method> <!-- setUp -->
        <test-method signature="testValidLogin()[pri:1, instance:tests.OrangeHRMLoginTest@2a3591c5]" started-at="2026-03-25T18:23:01 IST" name="testValidLogin" description="Verifies successful login with valid credentials" finished-at="2026-03-25T18:23:05 IST" duration-ms="4189" status="PASS">
          <reporter-output>
          </reporter-output>
        </test-method> <!-- testValidLogin -->
        <test-method is-config="true" signature="tearDown()[pri:0, instance:tests.OrangeHRMLoginTest@2a3591c5]" started-at="2026-03-25T18:23:05 IST" name="tearDown" finished-at="2026-03-25T18:23:05 IST" duration-ms="311" status="PASS">
          <reporter-output>
          </reporter-output>
        </test-method> <!-- tearDown -->
        <test-method is-config="true" signature="setUp()[pri:0, instance:tests.OrangeHRMLoginTest@2a3591c5]" started-at="2026-03-25T18:23:05 IST" name="setUp" finished-at="2026-03-25T18:23:12 IST" duration-ms="6261" status="PASS">
          <reporter-output>
          </reporter-output>
        </test-method> <!-- setUp -->
        <test-method signature="testInvalidLoginScenarios(java.lang.String,java.lang.String,java.lang.String,java.lang.String)[pri:2, instance:tests.OrangeHRMLoginTest@2a3591c5]" started-at="2026-03-25T18:23:12 IST" name="testInvalidLoginScenarios" description="Verifies login failures using Data Provider" data-provider="invalidLoginData" finished-at="2026-03-25T18:23:16 IST" duration-ms="3928" status="PASS">
          <params>
            <param index="0">
              <value>
                <![CDATA[Admin]]>
              </value>
            </param>
            <param index="1">
              <value>
                <![CDATA[wrongpassword]]>
              </value>
            </param>
            <param index="2">
              <value>
                <![CDATA[Invalid credentials]]>
              </value>
            </param>
            <param index="3">
              <value>
                <![CDATA[Valid User, Invalid Pass]]>
              </value>
            </param>
          </params>
          <reporter-output>
          </reporter-output>
        </test-method> <!-- testInvalidLoginScenarios -->
        <test-method is-config="true" signature="tearDown()[pri:0, instance:tests.OrangeHRMLoginTest@2a3591c5]" started-at="2026-03-25T18:23:16 IST" name="tearDown" finished-at="2026-03-25T18:23:16 IST" duration-ms="383" status="PASS">
          <reporter-output>
          </reporter-output>
        </test-method> <!-- tearDown -->
        <test-method is-config="true" signature="setUp()[pri:0, instance:tests.OrangeHRMLoginTest@2a3591c5]" started-at="2026-03-25T18:23:16 IST" name="setUp" finished-at="2026-03-25T18:23:22 IST" duration-ms="5835" status="PASS">
          <reporter-output>
          </reporter-output>
        </test-method> <!-- setUp -->
        <test-method signature="testInvalidLoginScenarios(java.lang.String,java.lang.String,java.lang.String,java.lang.String)[pri:2, instance:tests.OrangeHRMLoginTest@2a3591c5]" started-at="2026-03-25T18:23:22 IST" name="testInvalidLoginScenarios" description="Verifies login failures using Data Provider" data-provider="invalidLoginData" finished-at="2026-03-25T18:23:25 IST" duration-ms="3266" status="PASS">
          <params>
            <param index="0">
              <value>
                <![CDATA[WrongUser]]>
              </value>
            </param>
            <param index="1">
              <value>
                <![CDATA[admin123]]>
              </value>
            </param>
            <param index="2">
              <value>
                <![CDATA[Invalid credentials]]>
              </value>
            </param>
            <param index="3">
              <value>
                <![CDATA[Invalid User, Valid Pass]]>
              </value>
            </param>
          </params>
          <reporter-output>
          </reporter-output>
        </test-method> <!-- testInvalidLoginScenarios -->
        <test-method is-config="true" signature="tearDown()[pri:0, instance:tests.OrangeHRMLoginTest@2a3591c5]" started-at="2026-03-25T18:23:25 IST" name="tearDown" finished-at="2026-03-25T18:23:25 IST" duration-ms="297" status="PASS">
          <reporter-output>
          </reporter-output>
        </test-method> <!-- tearDown -->
        <test-method is-config="true" signature="setUp()[pri:0, instance:tests.OrangeHRMLoginTest@2a3591c5]" started-at="2026-03-25T18:23:25 IST" name="setUp" finished-at="2026-03-25T18:23:31 IST" duration-ms="5490" status="PASS">
          <reporter-output>
          </reporter-output>
        </test-method> <!-- setUp -->
        <test-method signature="testInvalidLoginScenarios(java.lang.String,java.lang.String,java.lang.String,java.lang.String)[pri:2, instance:tests.OrangeHRMLoginTest@2a3591c5]" started-at="2026-03-25T18:23:31 IST" name="testInvalidLoginScenarios" description="Verifies login failures using Data Provider" data-provider="invalidLoginData" finished-at="2026-03-25T18:23:34 IST" duration-ms="3348" status="PASS">
          <params>
            <param index="0">
              <value>
                <![CDATA[WrongUser]]>
              </value>
            </param>
            <param index="1">
              <value>
                <![CDATA[wrongpassword]]>
              </value>
            </param>
            <param index="2">
              <value>
                <![CDATA[Invalid credentials]]>
              </value>
            </param>
            <param index="3">
              <value>
                <![CDATA[Invalid User, Invalid Pass]]>
              </value>
            </param>
          </params>
          <reporter-output>
          </reporter-output>
        </test-method> <!-- testInvalidLoginScenarios -->
        <test-method is-config="true" signature="tearDown()[pri:0, instance:tests.OrangeHRMLoginTest@2a3591c5]" started-at="2026-03-25T18:23:34 IST" name="tearDown" finished-at="2026-03-25T18:23:35 IST" duration-ms="281" status="PASS">
          <reporter-output>
          </reporter-output>
        </test-method> <!-- tearDown -->
        <test-method is-config="true" signature="setUp()[pri:0, instance:tests.OrangeHRMLoginTest@2a3591c5]" started-at="2026-03-25T18:23:35 IST" name="setUp" finished-at="2026-03-25T18:23:41 IST" duration-ms="6218" status="PASS">
          <reporter-output>
          </reporter-output>
        </test-method> <!-- setUp -->
        <test-method signature="testInvalidLoginScenarios(java.lang.String,java.lang.String,java.lang.String,java.lang.String)[pri:2, instance:tests.OrangeHRMLoginTest@2a3591c5]" started-at="2026-03-25T18:23:41 IST" name="testInvalidLoginScenarios" description="Verifies login failures using Data Provider" data-provider="invalidLoginData" finished-at="2026-03-25T18:23:42 IST" duration-ms="1092" status="PASS">
          <params>
            <param index="0">
              <value>
                <![CDATA[]]>
              </value>
            </param>
            <param index="1">
              <value>
                <![CDATA[]]>
              </value>
            </param>
            <param index="2">
              <value>
                <![CDATA[]]>
              </value>
            </param>
            <param index="3">
              <value>
                <![CDATA[Empty Credentials]]>
              </value>
            </param>
          </params>
          <reporter-output>
          </reporter-output>
        </test-method> <!-- testInvalidLoginScenarios -->
        <test-method is-config="true" signature="tearDown()[pri:0, instance:tests.OrangeHRMLoginTest@2a3591c5]" started-at="2026-03-25T18:23:42 IST" name="tearDown" finished-at="2026-03-25T18:23:42 IST" duration-ms="261" status="PASS">
          <reporter-output>
          </reporter-output>
        </test-method> <!-- tearDown -->
        <test-method is-config="true" signature="openReport()[pri:0, instance:tests.OrangeHRMLoginTest@2a3591c5]" started-at="2026-03-25T18:23:43 IST" name="openReport" finished-at="2026-03-25T18:23:43 IST" duration-ms="111" status="PASS">
          <reporter-output>
          </reporter-output>
        </test-method> <!-- openReport -->
      </class> <!-- tests.OrangeHRMLoginTest -->
    </test> <!-- OrangeHRMLoginTest -->
  </suite> <!-- SeleniumTestNGSuite -->
</testng-results>
