<?xml version="1.0" encoding="UTF-8"?>
<testsuite xmlns:xsi="http://www.w3.org/2001/XMLSchema-instance" xsi:noNamespaceSchemaLocation="https://maven.apache.org/surefire/maven-surefire-plugin/xsd/surefire-test-report-3.0.xsd" version="3.0" name="TestSuite" time="51.053" tests="5" errors="0" skipped="0" failures="0">
  <properties>
[...]
</properties>
  <testcase name="testValidLogin" classname="tests.OrangeHRMLoginTest" time="4.196">
    <system-out><![CDATA[18:22:53.884 [main] INFO  base.BaseTest - Setting up WebDriver for browser: chrome
18:23:01.437 [main] INFO  base.BaseTest - WebDriver initialized and navigated to URL successfully.
18:23:01.438 [main] INFO  utils.TestListener - Starting Test: testValidLogin
18:23:01.460 [main] INFO  tests.OrangeHRMLoginTest - Starting valid login scenario...
18:23:01.522 [main] INFO  pages.OrangeHRMLoginPage - Attempting login with username: [Admin] and password: [admin123]
18:23:05.622 [main] INFO  pages.OrangeHRMLoginPage - Successfully landed on Dashboard view.
18:23:05.629 [main] INFO  utils.TestListener - Test Passed: testValidLogin
]]></system-out>
    <system-err><![CDATA[SLF4J: Failed to load class "org.slf4j.impl.StaticLoggerBinder".
SLF4J: Defaulting to no-operation (NOP) logger implementation
SLF4J: See http://www.slf4j.org/codes.html#StaticLoggerBinder for further details.
Mar 25, 2026 6:22:56 PM org.openqa.selenium.devtools.CdpVersionFinder findNearestMatch
WARNING: Unable to find CDP implementation matching 146
Mar 25, 2026 6:22:56 PM org.openqa.selenium.chromium.ChromiumDriver lambda$new$5
WARNING: Unable to find version of CDP to use for 146.0.7680.164. You may need to include a dependency on a specific version of the CDP using something similar to `org.seleniumhq.selenium:selenium-devtools-v86:4.18.1` where the version ("v86") matches the version of the chromium-based browser you're using and the version number of the artifact is the same as Selenium's.
]]></system-err>
  </testcase>
  <testcase name="testInvalidLoginScenarios[Admin, wrongpassword, Invalid credentials, Valid User, Invalid Pass](1)" classname="tests.OrangeHRMLoginTest" time="3.926">
    <system-out><![CDATA[18:23:05.638 [main] INFO  base.BaseTest - Tearing down WebDriver instance.
18:23:05.956 [main] INFO  base.BaseTest - Setting up WebDriver for browser: chrome
18:23:12.217 [main] INFO  base.BaseTest - WebDriver initialized and navigated to URL successfully.
18:23:12.220 [main] INFO  utils.TestListener - Starting Test: testInvalidLoginScenarios - Valid User, Invalid Pass
18:23:12.222 [main] INFO  tests.OrangeHRMLoginTest - Executing invalid login scenario: Valid User, Invalid Pass
18:23:12.222 [main] INFO  pages.OrangeHRMLoginPage - Attempting login with username: [Admin] and password: [wrongpassword]
18:23:16.145 [main] INFO  pages.OrangeHRMLoginPage - Validation Error Message displayed: Invalid credentials
18:23:16.146 [main] INFO  utils.TestListener - Test Passed: testInvalidLoginScenarios
]]></system-out>
    <system-err><![CDATA[Mar 25, 2026 6:23:06 PM org.openqa.selenium.devtools.CdpVersionFinder findNearestMatch
WARNING: Unable to find CDP implementation matching 146
Mar 25, 2026 6:23:06 PM org.openqa.selenium.chromium.ChromiumDriver lambda$new$5
WARNING: Unable to find version of CDP to use for 146.0.7680.164. You may need to include a dependency on a specific version of the CDP using something similar to `org.seleniumhq.selenium:selenium-devtools-v86:4.18.1` where the version ("v86") matches the version of the chromium-based browser you're using and the version number of the artifact is the same as Selenium's.
]]></system-err>
  </testcase>
  <testcase name="testInvalidLoginScenarios[WrongUser, admin123, Invalid credentials, Invalid User, Valid Pass](2)" classname="tests.OrangeHRMLoginTest" time="3.263">
    <system-out><![CDATA[18:23:16.150 [main] INFO  base.BaseTest - Tearing down WebDriver instance.
18:23:16.529 [main] INFO  base.BaseTest - Setting up WebDriver for browser: chrome
18:23:22.364 [main] INFO  base.BaseTest - WebDriver initialized and navigated to URL successfully.
18:23:22.364 [main] INFO  utils.TestListener - Starting Test: testInvalidLoginScenarios - Invalid User, Valid Pass
18:23:22.367 [main] INFO  tests.OrangeHRMLoginTest - Executing invalid login scenario: Invalid User, Valid Pass
18:23:22.369 [main] INFO  pages.OrangeHRMLoginPage - Attempting login with username: [WrongUser] and password: [admin123]
18:23:25.630 [main] INFO  pages.OrangeHRMLoginPage - Validation Error Message displayed: Invalid credentials
18:23:25.630 [main] INFO  utils.TestListener - Test Passed: testInvalidLoginScenarios
]]></system-out>
    <system-err><![CDATA[Mar 25, 2026 6:23:17 PM org.openqa.selenium.devtools.CdpVersionFinder findNearestMatch
WARNING: Unable to find CDP implementation matching 146
Mar 25, 2026 6:23:17 PM org.openqa.selenium.chromium.ChromiumDriver lambda$new$5
WARNING: Unable to find version of CDP to use for 146.0.7680.164. You may need to include a dependency on a specific version of the CDP using something similar to `org.seleniumhq.selenium:selenium-devtools-v86:4.18.1` where the version ("v86") matches the version of the chromium-based browser you're using and the version number of the artifact is the same as Selenium's.
]]></system-err>
  </testcase>
  <testcase name="testInvalidLoginScenarios[WrongUser, wrongpassword, Invalid credentials, Invalid User, Invalid Pass](3)" classname="tests.OrangeHRMLoginTest" time="3.351">
    <system-out><![CDATA[18:23:25.638 [main] INFO  base.BaseTest - Tearing down WebDriver instance.
18:23:25.929 [main] INFO  base.BaseTest - Setting up WebDriver for browser: chrome
18:23:31.419 [main] INFO  base.BaseTest - WebDriver initialized and navigated to URL successfully.
18:23:31.421 [main] INFO  utils.TestListener - Starting Test: testInvalidLoginScenarios - Invalid User, Invalid Pass
18:23:31.423 [main] INFO  tests.OrangeHRMLoginTest - Executing invalid login scenario: Invalid User, Invalid Pass
18:23:31.425 [main] INFO  pages.OrangeHRMLoginPage - Attempting login with username: [WrongUser] and password: [wrongpassword]
18:23:34.769 [main] INFO  pages.OrangeHRMLoginPage - Validation Error Message displayed: Invalid credentials
18:23:34.769 [main] INFO  utils.TestListener - Test Passed: testInvalidLoginScenarios
]]></system-out>
    <system-err><![CDATA[Mar 25, 2026 6:23:26 PM org.openqa.selenium.devtools.CdpVersionFinder findNearestMatch
WARNING: Unable to find CDP implementation matching 146
Mar 25, 2026 6:23:26 PM org.openqa.selenium.chromium.ChromiumDriver lambda$new$5
WARNING: Unable to find version of CDP to use for 146.0.7680.164. You may need to include a dependency on a specific version of the CDP using something similar to `org.seleniumhq.selenium:selenium-devtools-v86:4.18.1` where the version ("v86") matches the version of the chromium-based browser you're using and the version number of the artifact is the same as Selenium's.
]]></system-err>
  </testcase>
  <testcase name="testInvalidLoginScenarios[, , , Empty Credentials](4)" classname="tests.OrangeHRMLoginTest" time="1.092">
    <system-out><![CDATA[18:23:34.779 [main] INFO  base.BaseTest - Tearing down WebDriver instance.
18:23:35.059 [main] INFO  base.BaseTest - Setting up WebDriver for browser: chrome
18:23:41.275 [main] INFO  base.BaseTest - WebDriver initialized and navigated to URL successfully.
18:23:41.278 [main] INFO  utils.TestListener - Starting Test: testInvalidLoginScenarios - Empty Credentials
18:23:41.279 [main] INFO  tests.OrangeHRMLoginTest - Executing invalid login scenario: Empty Credentials
18:23:41.280 [main] INFO  pages.OrangeHRMLoginPage - Attempting login with username: [] and password: []
18:23:42.368 [main] INFO  tests.OrangeHRMLoginTest - Empty credentials correctly prevented login.
18:23:42.368 [main] INFO  utils.TestListener - Test Passed: testInvalidLoginScenarios
]]></system-out>
    <system-err><![CDATA[Mar 25, 2026 6:23:35 PM org.openqa.selenium.devtools.CdpVersionFinder findNearestMatch
WARNING: Unable to find CDP implementation matching 146
Mar 25, 2026 6:23:35 PM org.openqa.selenium.chromium.ChromiumDriver lambda$new$5
WARNING: Unable to find version of CDP to use for 146.0.7680.164. You may need to include a dependency on a specific version of the CDP using something similar to `org.seleniumhq.selenium:selenium-devtools-v86:4.18.1` where the version ("v86") matches the version of the chromium-based browser you're using and the version number of the artifact is the same as Selenium's.
]]></system-err>
  </testcase>
</testsuite>